[debug] [2021-11-03T19:22:26.692Z] ----------------------------------------------------------------------
[debug] [2021-11-03T19:22:26.697Z] Command:       C:\Program Files\nodejs\node.exe C:\Users\BRP Trondheim\AppData\Roaming\npm\node_modules\firebase-tools\lib\bin\firebase.js deploy
[debug] [2021-11-03T19:22:26.698Z] CLI Version:   9.21.0
[debug] [2021-11-03T19:22:26.698Z] Platform:      win32
[debug] [2021-11-03T19:22:26.698Z] Node Version:  v14.17.6
[debug] [2021-11-03T19:22:26.700Z] Time:          Wed Nov 03 2021 21:22:26 GMT+0200 (Rytų Europos žiemos laikas)
[debug] [2021-11-03T19:22:26.701Z] ----------------------------------------------------------------------
[debug] 
[debug] [2021-11-03T19:22:26.831Z] > command requires scopes: ["email","openid","https://www.googleapis.com/auth/cloudplatformprojects.readonly","https://www.googleapis.com/auth/firebase","https://www.googleapis.com/auth/cloud-platform"]
[debug] [2021-11-03T19:22:26.832Z] > authorizing via signed-in user (robertas.trinkunas@gmail.com)
[debug] [2021-11-03T19:22:26.832Z] [iam] checking project jpbit-2 for permissions ["firebase.projects.get","firebasedatabase.instances.update","firebasehosting.sites.update"]
[debug] [2021-11-03T19:22:26.836Z] >>> HTTP REQUEST POST https://cloudresourcemanager.googleapis.com/v1/projects/jpbit-2:testIamPermissions  
 {"permissions":["firebase.projects.get","firebasedatabase.instances.update","firebasehosting.sites.update"]}
[debug] [2021-11-03T19:22:27.828Z] <<< HTTP RESPONSE 200 {"content-type":"application/json; charset=UTF-8","vary":"X-Origin, Referer, Origin,Accept-Encoding","date":"Wed, 03 Nov 2021 19:22:28 GMT","server":"ESF","cache-control":"private","x-xss-protection":"0","x-frame-options":"SAMEORIGIN","x-content-type-options":"nosniff","server-timing":"gfet4t7; dur=661","alt-svc":"h3=\":443\"; ma=2592000,h3-29=\":443\"; ma=2592000,h3-Q050=\":443\"; ma=2592000,h3-Q046=\":443\"; ma=2592000,h3-Q043=\":443\"; ma=2592000,quic=\":443\"; ma=2592000; v=\"46,43\"","accept-ranges":"none","transfer-encoding":"chunked"}
[debug] [2021-11-03T19:22:27.832Z] > refreshing access token with scopes: []
[debug] [2021-11-03T19:22:27.832Z] >>> HTTP REQUEST POST https://www.googleapis.com/oauth2/v3/token  
 <request body omitted>
[debug] [2021-11-03T19:22:28.122Z] <<< HTTP RESPONSE 200 {"cache-control":"no-cache, no-store, max-age=0, must-revalidate","pragma":"no-cache","date":"Wed, 03 Nov 2021 19:22:28 GMT","expires":"Mon, 01 Jan 1990 00:00:00 GMT","content-type":"application/json; charset=utf-8","vary":"X-Origin, Referer, Origin,Accept-Encoding","server":"scaffolding on HTTPServer2","x-xss-protection":"0","x-frame-options":"SAMEORIGIN","x-content-type-options":"nosniff","alt-svc":"h3=\":443\"; ma=2592000,h3-29=\":443\"; ma=2592000,h3-Q050=\":443\"; ma=2592000,h3-Q046=\":443\"; ma=2592000,h3-Q043=\":443\"; ma=2592000,quic=\":443\"; ma=2592000; v=\"46,43\"","accept-ranges":"none","transfer-encoding":"chunked"}
[debug] [2021-11-03T19:22:28.229Z] >>> [apiv2][query] GET https://firebase.googleapis.com/v1beta1/projects/jpbit-2 [none]
[debug] [2021-11-03T19:22:28.758Z] <<< [apiv2][status] GET https://firebase.googleapis.com/v1beta1/projects/jpbit-2 200
[debug] [2021-11-03T19:22:28.758Z] <<< [apiv2][body] GET https://firebase.googleapis.com/v1beta1/projects/jpbit-2 {"projectId":"jpbit-2","projectNumber":"583781389612","displayName":"JPBIT-2","name":"projects/jpbit-2","resources":{"hostingSite":"jpbit-2","realtimeDatabaseInstance":"jpbit-2-default-rtdb","storageBucket":"jpbit-2.appspot.com","locationId":"europe-west"},"state":"ACTIVE"}
[debug] [2021-11-03T19:22:28.759Z] >>> [apiv2][query] GET https://firebase.googleapis.com/v1beta1/projects/jpbit-2 [none]
[debug] [2021-11-03T19:22:29.173Z] <<< [apiv2][status] GET https://firebase.googleapis.com/v1beta1/projects/jpbit-2 200
[debug] [2021-11-03T19:22:29.173Z] <<< [apiv2][body] GET https://firebase.googleapis.com/v1beta1/projects/jpbit-2 {"projectId":"jpbit-2","projectNumber":"583781389612","displayName":"JPBIT-2","name":"projects/jpbit-2","resources":{"hostingSite":"jpbit-2","realtimeDatabaseInstance":"jpbit-2-default-rtdb","storageBucket":"jpbit-2.appspot.com","locationId":"europe-west"},"state":"ACTIVE"}
[info] 
[info] === Deploying to 'jpbit-2'...
[info] 
[info] i  deploying database, hosting 
[info] i  database: checking rules syntax... 
[debug] [2021-11-03T19:22:29.181Z] > refreshing access token with scopes: ["email","https://www.googleapis.com/auth/cloud-platform","https://www.googleapis.com/auth/cloudplatformprojects.readonly","https://www.googleapis.com/auth/firebase","openid"]
[debug] [2021-11-03T19:22:29.181Z] >>> HTTP REQUEST POST https://www.googleapis.com/oauth2/v3/token  
 <request body omitted>
[debug] [2021-11-03T19:22:29.674Z] <<< HTTP RESPONSE 200 {"pragma":"no-cache","cache-control":"no-cache, no-store, max-age=0, must-revalidate","expires":"Mon, 01 Jan 1990 00:00:00 GMT","date":"Wed, 03 Nov 2021 19:22:29 GMT","content-type":"application/json; charset=utf-8","vary":"X-Origin, Referer, Origin,Accept-Encoding","server":"scaffolding on HTTPServer2","x-xss-protection":"0","x-frame-options":"SAMEORIGIN","x-content-type-options":"nosniff","alt-svc":"h3=\":443\"; ma=2592000,h3-29=\":443\"; ma=2592000,h3-Q050=\":443\"; ma=2592000,h3-Q046=\":443\"; ma=2592000,h3-Q043=\":443\"; ma=2592000,quic=\":443\"; ma=2592000; v=\"46,43\"","accept-ranges":"none","transfer-encoding":"chunked"}
[debug] [2021-11-03T19:22:29.719Z] >>> HTTP REQUEST GET https://firebasedatabase.googleapis.com/v1beta/projects/jpbit-2/locations/-/instances/jpbit-2-default-rtdb  
 
[debug] [2021-11-03T19:22:30.445Z] <<< HTTP RESPONSE 200 {"content-type":"application/json; charset=UTF-8","vary":"X-Origin, Referer, Origin,Accept-Encoding","date":"Wed, 03 Nov 2021 19:22:30 GMT","server":"ESF","cache-control":"private","x-xss-protection":"0","x-frame-options":"SAMEORIGIN","x-content-type-options":"nosniff","alt-svc":"h3=\":443\"; ma=2592000,h3-29=\":443\"; ma=2592000,h3-Q050=\":443\"; ma=2592000,h3-Q046=\":443\"; ma=2592000,h3-Q043=\":443\"; ma=2592000,quic=\":443\"; ma=2592000; v=\"46,43\"","accept-ranges":"none","transfer-encoding":"chunked"}
[debug] [2021-11-03T19:22:30.449Z] >>> HTTP REQUEST PUT https://jpbit-2-default-rtdb.europe-west1.firebasedatabase.app/.settings/rules.json?dryRun=true  
 {
  "rules": {
    ".read": false,
    ".write": false
  }
}

[debug] [2021-11-03T19:22:30.911Z] <<< HTTP RESPONSE 200 {"server":"nginx","date":"Wed, 03 Nov 2021 19:22:31 GMT","content-type":"application/json; charset=utf-8","content-length":"15","connection":"keep-alive","access-control-allow-origin":"*","cache-control":"no-cache","strict-transport-security":"max-age=31556926; includeSubDomains; preload"}
[info] +  database: rules syntax for database jpbit-2-default-rtdb is valid 
[debug] [2021-11-03T19:22:30.916Z] >>> HTTP REQUEST POST https://firebasehosting.googleapis.com/v1beta1/sites/jpbit-2/versions  
 {"config":{"rewrites":[{"glob":"**","path":"/index.html"}]},"labels":{"deployment-tool":"cli-firebase"}}
[debug] [2021-11-03T19:22:32.516Z] <<< HTTP RESPONSE 200 {"content-type":"application/json; charset=UTF-8","vary":"X-Origin, Referer, Origin,Accept-Encoding","date":"Wed, 03 Nov 2021 19:22:32 GMT","server":"ESF","cache-control":"private","x-xss-protection":"0","x-frame-options":"SAMEORIGIN","x-content-type-options":"nosniff","alt-svc":"h3=\":443\"; ma=2592000,h3-29=\":443\"; ma=2592000,h3-Q050=\":443\"; ma=2592000,h3-Q046=\":443\"; ma=2592000,h3-Q043=\":443\"; ma=2592000,quic=\":443\"; ma=2592000; v=\"46,43\"","accept-ranges":"none","transfer-encoding":"chunked"}
[info] i  hosting[jpbit-2]: beginning deploy... 
[info] i  hosting[jpbit-2]: found 25 files in dist/eshop 
[debug] [2021-11-03T19:22:32.646Z] > refreshing access token with scopes: []
[debug] [2021-11-03T19:22:32.646Z] >>> HTTP REQUEST POST https://www.googleapis.com/oauth2/v3/token  
 <request body omitted>
[debug] [2021-11-03T19:22:32.649Z] [hosting] hash cache [ZGlzdFxlc2hvcA] stored for 25 files
[debug] [2021-11-03T19:22:32.649Z] [hosting][hash queue][FINAL] {"max":93,"min":0,"avg":7.36,"active":0,"complete":25,"success":25,"errored":0,"retried":0,"total":25,"elapsed":102}
[debug] [2021-11-03T19:22:32.847Z] <<< HTTP RESPONSE 200 {"expires":"Mon, 01 Jan 1990 00:00:00 GMT","date":"Wed, 03 Nov 2021 19:22:33 GMT","pragma":"no-cache","cache-control":"no-cache, no-store, max-age=0, must-revalidate","content-type":"application/json; charset=utf-8","vary":"X-Origin, Referer, Origin,Accept-Encoding","server":"scaffolding on HTTPServer2","x-xss-protection":"0","x-frame-options":"SAMEORIGIN","x-content-type-options":"nosniff","alt-svc":"h3=\":443\"; ma=2592000,h3-29=\":443\"; ma=2592000,h3-Q050=\":443\"; ma=2592000,h3-Q046=\":443\"; ma=2592000,h3-Q043=\":443\"; ma=2592000,quic=\":443\"; ma=2592000; v=\"46,43\"","accept-ranges":"none","transfer-encoding":"chunked"}
[debug] [2021-11-03T19:22:32.903Z] >>> [apiv2][query] POST https://firebasehosting.googleapis.com/v1beta1/sites/jpbit-2/versions/2e21baf2b1c76363:populateFiles [none]
[debug] [2021-11-03T19:22:32.903Z] >>> [apiv2][body] POST https://firebasehosting.googleapis.com/v1beta1/sites/jpbit-2/versions/2e21baf2b1c76363:populateFiles {"files":{"/favicon.ico":"2c19690e9587bae12f419b34d2edeecc76808099540a9c9f4ea6194116cfc8f7\r","/assets/404.png":"2511e6a2fe99f9a070c2472d801be7182de3980fb2b6b1c643fe7463bae97ab0\r","/assets/6007115_business_buy_cart_market_online_icon.png":"afc271ef74853529726f64f6b9beea87d8e5a73ef704c2108573470837800ebf\r","/assets/Arrow_top_svg.svg.png":"f35f3c60d3e9313d22dd0d59b8865f61c66e84f8d47b8a6e38525d0f155a2325\r","/assets/compare.png":"aa36fe0f617c96a0258a81a07aeb0090cf7241b3b9bc1098b49725a494862e8b\r","/assets/FB.png":"3bf19337b9ca712b32d1ff194c0ca1abf40969ce084a47988569de90f747d65a\r","/assets/INSTA.png":"c0a50c2563974fa613e241c6e5037eb0b0f3ba8985d61e6ae19d504e4fd39546\r","/assets/MSNGR.png":"df191c24c2d38c57f1a174e8b90d6e5a5abaecd8bb4d1c6ec705096c65d92c96\r","/assets/next.png":"9a3011a9336893a61b203cdc1c68edd469685cf2bca579259087607689a5523a\r","/assets/pic1.jpg":"57362f9f773ac111b100edd6c67054c199444f204888487d2081a0a98c6cde0c\r","/assets/pic2.jpg":"fb73c35ff8a1c380821958f21fc16591fdc9cd597c3b8284fcd2da2e78d2bc42\r","/assets/pic3.jpg":"1bf1c062bb8bb92ec81fcf6e9584611accb17530c1be67b7b5501dad7de33631\r","/assets/pic4.jpg":"8df918bcccd4127f8d66da72c6b1fe51600ec75ba5b330af14dc2a62930dbcde\r","/assets/pic5.jpg":"a7f144d68cbd266567a3e5769263b8e2aa35175de52d77caca8db33d4ec353b1\r","/assets/pic6.jpg":"ed35d067c74ea1cf830d682ed2757344249649e992169ecbf9d2bc658a71da92\r","/assets/pic7.jpg":"4aebf414605cc0634c6674aa628858f862ff60a4582fd6b6a9d74d34d6c9ae13\r","/assets/prev.png":"675a99a03ba1123aa76d9fa0a01ef716dc7b4efdeb607b8d798cf9adc2f29457\r","/assets/Puokste_originalus-copy.png":"d486f3080f134bd9a0648f1e95c2ab8d0bff3e58320a26ab76d85402b4d85f78\r","/assets/TWITTER.png":"233193cb69bc921e8690ba31d987a7a32017bcde3eff615b2ddc290453e0f02d\r","/3rdpartylicenses.txt":"2e0469c79bca0d2112c2d3f2603ce5d17cb7c34efe1ec8ddc17434d6bc9dd80d","/runtime.2a548bae0c81192fcc9d.js":"6e1ba1413d624949309d3c100f5c4a64c54d98028e50d6db0e0844d290bd6ec1","/styles.3b66cffbc28cff5490a0.css":"9638aa97fa9ac6e6f49883a6cb1db0b38f5e42ee6fe27f8fd8ee860d980edfd1","/polyfills.a51fa5b281e079d30ed1.js":"0947359de7c2a00b817f7a99b85594cc83ac0d028b9e16e258f80080dc4bb3c8","/index.html":"ce474ce712b5ba086127c0b72b28b0c19fc334a1eb73288b53025c7c8244e9e4","/main.09bd1e9e3c3d4f400b44.js":"66a9324d2a27ad4ae879ec6c3193d378b8e356c01cbe4114c9df6dde0ad66054"}}
